<?xml version="1.0" encoding="UTF-8"?>
<!-- Generated by org.testng.reporters.JUnitReportReporter -->
<testsuite hostname="Revenge" name="com.example.tests.GroupCreationTests" tests="2" failures="0" timestamp="15 Aug 2013 19:58:01 GMT" time="13.000" errors="0">
  <testcase name="testNonEmptyGroupCreation" time="6.532" classname="com.example.tests.GroupCreationTests"/>
  <testcase name="testEmptyGroupCreation" time="6.468" classname="com.example.tests.GroupCreationTests"/>
</testsuite> <!-- com.example.tests.GroupCreationTests -->
