<?xml version="1.0" encoding="UTF-8"?>
<!-- Generated by org.testng.reporters.JUnitReportReporter -->
<testsuite hostname="Revenge" name="com.example.tests.ContactCreationTest" tests="2" failures="0" timestamp="15 Aug 2013 19:58:01 GMT" time="11.619" errors="0">
  <testcase name="testEmptyContactCreation" time="5.705" classname="com.example.tests.ContactCreationTest"/>
  <testcase name="testNonEmptyContactCreation" time="5.914" classname="com.example.tests.ContactCreationTest"/>
</testsuite> <!-- com.example.tests.ContactCreationTest -->
